[debug] [2025-12-20T19:32:45.342Z] ----------------------------------------------------------------------
[debug] [2025-12-20T19:32:45.345Z] Command:       C:\Program Files\nodejs\node.exe C:\Users\dushy\AppData\Roaming\npm\node_modules\firebase-tools\lib\bin\firebase.js deploy --only functions
[debug] [2025-12-20T19:32:45.345Z] CLI Version:   15.1.0
[debug] [2025-12-20T19:32:45.345Z] Platform:      win32
[debug] [2025-12-20T19:32:45.346Z] Node Version:  v22.20.0
[debug] [2025-12-20T19:32:45.346Z] Time:          Sun Dec 21 2025 01:02:45 GMT+0530 (India Standard Time)
[debug] [2025-12-20T19:32:45.346Z] ----------------------------------------------------------------------
[debug] 
[debug] [2025-12-20T19:32:47.741Z] > command requires scopes: ["email","openid","https://www.googleapis.com/auth/cloudplatformprojects.readonly","https://www.googleapis.com/auth/firebase","https://www.googleapis.com/auth/cloud-platform"]
[debug] [2025-12-20T19:32:47.742Z] > authorizing via signed-in user (aithefuturee@gmail.com)
[debug] [2025-12-20T19:32:47.742Z] [iam] checking project vibechat-f87fe for permissions ["cloudfunctions.functions.create","cloudfunctions.functions.delete","cloudfunctions.functions.get","cloudfunctions.functions.list","cloudfunctions.functions.update","cloudfunctions.operations.get","firebase.projects.get"]
[debug] [2025-12-20T19:32:47.743Z] Checked if tokens are valid: false, expires at: 1766230066154
[debug] [2025-12-20T19:32:47.743Z] Checked if tokens are valid: false, expires at: 1766230066154
[debug] [2025-12-20T19:32:47.743Z] > refreshing access token with scopes: []
[debug] [2025-12-20T19:32:47.745Z] >>> [apiv2][query] POST https://www.googleapis.com/oauth2/v3/token [none]
[debug] [2025-12-20T19:32:47.745Z] >>> [apiv2][body] POST https://www.googleapis.com/oauth2/v3/token [omitted]
[debug] [2025-12-20T19:32:48.308Z] <<< [apiv2][status] POST https://www.googleapis.com/oauth2/v3/token 200
[debug] [2025-12-20T19:32:48.308Z] <<< [apiv2][body] POST https://www.googleapis.com/oauth2/v3/token [omitted]
[debug] [2025-12-20T19:32:48.332Z] >>> [apiv2][query] POST https://cloudresourcemanager.googleapis.com/v1/projects/vibechat-f87fe:testIamPermissions [none]
[debug] [2025-12-20T19:32:48.332Z] >>> [apiv2][(partial)header] POST https://cloudresourcemanager.googleapis.com/v1/projects/vibechat-f87fe:testIamPermissions x-goog-quota-user=projects/vibechat-f87fe
[debug] [2025-12-20T19:32:48.332Z] >>> [apiv2][body] POST https://cloudresourcemanager.googleapis.com/v1/projects/vibechat-f87fe:testIamPermissions {"permissions":["cloudfunctions.functions.create","cloudfunctions.functions.delete","cloudfunctions.functions.get","cloudfunctions.functions.list","cloudfunctions.functions.update","cloudfunctions.operations.get","firebase.projects.get"]}
[debug] [2025-12-20T19:32:50.025Z] <<< [apiv2][status] POST https://cloudresourcemanager.googleapis.com/v1/projects/vibechat-f87fe:testIamPermissions 200
[debug] [2025-12-20T19:32:50.025Z] <<< [apiv2][body] POST https://cloudresourcemanager.googleapis.com/v1/projects/vibechat-f87fe:testIamPermissions {"permissions":["cloudfunctions.functions.create","cloudfunctions.functions.delete","cloudfunctions.functions.get","cloudfunctions.functions.list","cloudfunctions.functions.update","cloudfunctions.operations.get","firebase.projects.get"]}
[debug] [2025-12-20T19:32:50.026Z] Checked if tokens are valid: true, expires at: 1766262767308
[debug] [2025-12-20T19:32:50.026Z] Checked if tokens are valid: true, expires at: 1766262767308
[debug] [2025-12-20T19:32:50.026Z] >>> [apiv2][query] POST https://iam.googleapis.com/v1/projects/vibechat-f87fe/serviceAccounts/vibechat-f87fe@appspot.gserviceaccount.com:testIamPermissions [none]
[debug] [2025-12-20T19:32:50.026Z] >>> [apiv2][body] POST https://iam.googleapis.com/v1/projects/vibechat-f87fe/serviceAccounts/vibechat-f87fe@appspot.gserviceaccount.com:testIamPermissions {"permissions":["iam.serviceAccounts.actAs"]}
[debug] [2025-12-20T19:32:52.106Z] <<< [apiv2][status] POST https://iam.googleapis.com/v1/projects/vibechat-f87fe/serviceAccounts/vibechat-f87fe@appspot.gserviceaccount.com:testIamPermissions 200
[debug] [2025-12-20T19:32:52.106Z] <<< [apiv2][body] POST https://iam.googleapis.com/v1/projects/vibechat-f87fe/serviceAccounts/vibechat-f87fe@appspot.gserviceaccount.com:testIamPermissions {"permissions":["iam.serviceAccounts.actAs"]}
[info] 
[info] === Deploying to 'vibechat-f87fe'...
[info] 
[info] i  deploying functions 
[info] Running command: npm --prefix "$RESOURCE_DIR" run lint
[info] +  functions: Finished running predeploy script. 
[debug] [2025-12-20T19:32:52.639Z] Checked if tokens are valid: true, expires at: 1766262767308
[debug] [2025-12-20T19:32:52.639Z] Checked if tokens are valid: true, expires at: 1766262767308
[debug] [2025-12-20T19:32:52.639Z] >>> [apiv2][query] GET https://cloudresourcemanager.googleapis.com/v1/projects/vibechat-f87fe [none]
[debug] [2025-12-20T19:32:53.062Z] <<< [apiv2][status] GET https://cloudresourcemanager.googleapis.com/v1/projects/vibechat-f87fe 200
[debug] [2025-12-20T19:32:53.062Z] <<< [apiv2][body] GET https://cloudresourcemanager.googleapis.com/v1/projects/vibechat-f87fe {"projectNumber":"802645032363","projectId":"vibechat-f87fe","lifecycleState":"ACTIVE","name":"Duet","labels":{"firebase":"enabled","firebase-core":"disabled"},"createTime":"2025-11-02T07:20:50.437590Z"}
[info] i  functions: preparing codebase default for deployment 
[info] i  functions: ensuring required API cloudfunctions.googleapis.com is enabled... 
[info] i  functions: ensuring required API cloudbuild.googleapis.com is enabled... 
[info] i  artifactregistry: ensuring required API artifactregistry.googleapis.com is enabled... 
[debug] [2025-12-20T19:32:53.073Z] Checked if tokens are valid: true, expires at: 1766262767308
[debug] [2025-12-20T19:32:53.073Z] Checked if tokens are valid: true, expires at: 1766262767308
[debug] [2025-12-20T19:32:53.074Z] >>> [apiv2][query] GET https://firebase.googleapis.com/v1beta1/projects/vibechat-f87fe/adminSdkConfig [none]
[debug] [2025-12-20T19:32:53.649Z] <<< [apiv2][status] GET https://firebase.googleapis.com/v1beta1/projects/vibechat-f87fe/adminSdkConfig 200
[debug] [2025-12-20T19:32:53.650Z] <<< [apiv2][body] GET https://firebase.googleapis.com/v1beta1/projects/vibechat-f87fe/adminSdkConfig {"projectId":"vibechat-f87fe","databaseURL":"https://vibechat-f87fe-default-rtdb.asia-southeast1.firebasedatabase.app","storageBucket":"vibechat-f87fe.firebasestorage.app"}
[debug] [2025-12-20T19:32:53.651Z] Validating nodejs source
[debug] [2025-12-20T19:32:54.710Z] > [functions] package.json contents: {
  "name": "functions",
  "description": "Cloud Functions for Firebase",
  "scripts": {
    "lint": "echo \"skip lint\"",
    "serve": "firebase emulators:start --only functions",
    "shell": "firebase functions:shell",
    "start": "npm run shell",
    "deploy": "firebase deploy --only functions",
    "logs": "firebase functions:log"
  },
  "engines": {
    "node": "22"
  },
  "main": "index.js",
  "dependencies": {
    "firebase-admin": "^13.6.0",
    "firebase-functions": "^7.0.2"
  },
  "devDependencies": {
    "eslint": "^8.15.0",
    "eslint-config-google": "^0.14.0",
    "firebase-functions-test": "^3.4.1"
  },
  "private": true
}
[debug] [2025-12-20T19:32:54.710Z] Building nodejs source
[info] i  functions: Loading and analyzing source code for codebase default to determine what to deploy 
[debug] [2025-12-20T19:32:54.712Z] Could not find functions.yaml. Must use http discovery
[debug] [2025-12-20T19:32:54.722Z] Found firebase-functions binary at 'F:\duet\functions\node_modules\.bin\firebase-functions'
[info] Serving at port 8304

[debug] [2025-12-20T19:32:58.880Z] Got response from /__/functions.yaml {"endpoints":{"sendChatMessageNotification":{"platform":"gcfv1","availableMemoryMb":null,"timeoutSeconds":null,"minInstances":null,"maxInstances":null,"ingressSettings":null,"serviceAccountEmail":null,"vpc":null,"region":["asia-south1"],"eventTrigger":{"eventType":"providers/cloud.firestore/eventTypes/document.create","eventFilters":{"resource":"projects/vibechat-f87fe/databases/(default)/documents/chats/{chatId}/messages/{messageId}"},"retry":false},"labels":{},"entryPoint":"sendChatMessageNotification"},"clearChatNotificationsOnRead":{"platform":"gcfv1","availableMemoryMb":null,"timeoutSeconds":null,"minInstances":null,"maxInstances":null,"ingressSettings":null,"serviceAccountEmail":null,"vpc":null,"region":["asia-south1"],"eventTrigger":{"eventType":"providers/cloud.firestore/eventTypes/document.update","eventFilters":{"resource":"projects/vibechat-f87fe/databases/(default)/documents/chats/{chatId}/messages/{messageId}"},"retry":false},"labels":{},"entryPoint":"clearChatNotificationsOnRead"},"sendFriendRequestNotification":{"platform":"gcfv1","availableMemoryMb":null,"timeoutSeconds":null,"minInstances":null,"maxInstances":null,"ingressSettings":null,"serviceAccountEmail":null,"vpc":null,"region":["asia-south1"],"eventTrigger":{"eventType":"providers/cloud.firestore/eventTypes/document.update","eventFilters":{"resource":"projects/vibechat-f87fe/databases/(default)/documents/users/{userId}"},"retry":false},"labels":{},"entryPoint":"sendFriendRequestNotification"},"notifyAppUpdate":{"platform":"gcfv1","availableMemoryMb":null,"timeoutSeconds":null,"minInstances":null,"maxInstances":null,"ingressSettings":null,"serviceAccountEmail":null,"vpc":null,"region":["asia-south1"],"eventTrigger":{"eventType":"providers/cloud.firestore/eventTypes/document.write","eventFilters":{"resource":"projects/vibechat-f87fe/databases/(default)/documents/appConfig/latestRelease"},"retry":false},"labels":{},"entryPoint":"notifyAppUpdate"},"cleanupExpiredMessages":{"platform":"gcfv1","availableMemoryMb":null,"timeoutSeconds":null,"minInstances":null,"maxInstances":null,"ingressSettings":null,"serviceAccountEmail":null,"vpc":null,"region":["asia-south1"],"scheduleTrigger":{"schedule":"every 15 minutes","retryConfig":{"retryCount":null,"maxDoublings":null,"maxRetryDuration":null,"maxBackoffDuration":null,"minBackoffDuration":null},"timeZone":null},"labels":{},"entryPoint":"cleanupExpiredMessages"}},"specVersion":"v1alpha1","requiredAPIs":[{"api":"cloudscheduler.googleapis.com","reason":"Needed for scheduled functions."}],"extensions":{}}
[info] i  extensions: ensuring required API firebaseextensions.googleapis.com is enabled... 
[debug] [2025-12-20T19:33:02.948Z] > command requires scopes: ["email","openid","https://www.googleapis.com/auth/cloudplatformprojects.readonly","https://www.googleapis.com/auth/firebase","https://www.googleapis.com/auth/cloud-platform"]
[debug] [2025-12-20T19:33:02.948Z] > authorizing via signed-in user (aithefuturee@gmail.com)
[debug] [2025-12-20T19:33:02.948Z] [iam] checking project vibechat-f87fe for permissions ["firebase.projects.get","firebaseextensions.instances.list"]
[debug] [2025-12-20T19:33:02.948Z] Checked if tokens are valid: true, expires at: 1766262767308
[debug] [2025-12-20T19:33:02.948Z] Checked if tokens are valid: true, expires at: 1766262767308
[debug] [2025-12-20T19:33:02.948Z] >>> [apiv2][query] POST https://cloudresourcemanager.googleapis.com/v1/projects/vibechat-f87fe:testIamPermissions [none]
[debug] [2025-12-20T19:33:02.948Z] >>> [apiv2][(partial)header] POST https://cloudresourcemanager.googleapis.com/v1/projects/vibechat-f87fe:testIamPermissions x-goog-quota-user=projects/vibechat-f87fe
[debug] [2025-12-20T19:33:02.949Z] >>> [apiv2][body] POST https://cloudresourcemanager.googleapis.com/v1/projects/vibechat-f87fe:testIamPermissions {"permissions":["firebase.projects.get","firebaseextensions.instances.list"]}
[debug] [2025-12-20T19:33:04.585Z] <<< [apiv2][status] POST https://cloudresourcemanager.googleapis.com/v1/projects/vibechat-f87fe:testIamPermissions 200
[debug] [2025-12-20T19:33:04.586Z] <<< [apiv2][body] POST https://cloudresourcemanager.googleapis.com/v1/projects/vibechat-f87fe:testIamPermissions {"permissions":["firebase.projects.get","firebaseextensions.instances.list"]}
[debug] [2025-12-20T19:33:04.588Z] Checked if tokens are valid: true, expires at: 1766262767308
[debug] [2025-12-20T19:33:04.588Z] Checked if tokens are valid: true, expires at: 1766262767308
[debug] [2025-12-20T19:33:04.589Z] >>> [apiv2][query] GET https://firebaseextensions.googleapis.com/v1beta/projects/vibechat-f87fe/instances pageSize=100&pageToken=
[debug] [2025-12-20T19:33:06.603Z] <<< [apiv2][status] GET https://firebaseextensions.googleapis.com/v1beta/projects/vibechat-f87fe/instances 200
[debug] [2025-12-20T19:33:06.603Z] <<< [apiv2][body] GET https://firebaseextensions.googleapis.com/v1beta/projects/vibechat-f87fe/instances {}
[info] i  functions: preparing functions directory for uploading... 
[info] i  functions: packaged F:\duet\functions (81.26 KB) for uploading 
[debug] [2025-12-20T19:33:06.653Z] Checked if tokens are valid: true, expires at: 1766262767308
[debug] [2025-12-20T19:33:06.653Z] Checked if tokens are valid: true, expires at: 1766262767308
[debug] [2025-12-20T19:33:06.653Z] >>> [apiv2][query] GET https://cloudfunctions.googleapis.com/v1/projects/vibechat-f87fe/locations/-/functions [none]
[debug] [2025-12-20T19:33:07.827Z] <<< [apiv2][status] GET https://cloudfunctions.googleapis.com/v1/projects/vibechat-f87fe/locations/-/functions 200
[debug] [2025-12-20T19:33:07.828Z] <<< [apiv2][body] GET https://cloudfunctions.googleapis.com/v1/projects/vibechat-f87fe/locations/-/functions {"functions":[{"name":"projects/vibechat-f87fe/locations/asia-south1/functions/sendChatMessageNotification","eventTrigger":{"eventType":"providers/cloud.firestore/eventTypes/document.create","resource":"projects/vibechat-f87fe/databases/(default)/documents/chats/{chatId}/messages/{messageId}","service":"firestore.googleapis.com","failurePolicy":{}},"status":"ACTIVE","entryPoint":"sendChatMessageNotification","timeout":"60s","availableMemoryMb":256,"serviceAccountEmail":"vibechat-f87fe@appspot.gserviceaccount.com","updateTime":"2025-12-20T18:48:12.276166947Z","versionId":"7","labels":{"firebase-functions-hash":"93fe9967a625fbff9ce9024be6860757436ba9c9","deployment-tool":"cli-firebase"},"sourceUploadUrl":"https://storage.googleapis.com/uploads-445553371994.asia-south1.cloudfunctions.appspot.com/7c71f5a8-b8f0-48e3-9403-b44852442e43.zip","environmentVariables":{"FIREBASE_CONFIG":"{\"projectId\":\"vibechat-f87fe\",\"databaseURL\":\"https://vibechat-f87fe-default-rtdb.asia-southeast1.firebasedatabase.app\",\"storageBucket\":\"vibechat-f87fe.firebasestorage.app\"}","GCLOUD_PROJECT":"vibechat-f87fe","EVENTARC_CLOUD_EVENT_SOURCE":"projects/vibechat-f87fe/locations/asia-south1/functions/sendChatMessageNotification"},"runtime":"nodejs22","maxInstances":3000,"ingressSettings":"ALLOW_ALL","buildId":"b440603e-9542-4db6-aac7-6ab3c328e4d8","buildEnvironmentVariables":{"GOOGLE_NODE_RUN_SCRIPTS":""},"buildName":"projects/802645032363/locations/asia-south1/builds/b440603e-9542-4db6-aac7-6ab3c328e4d8","dockerRegistry":"ARTIFACT_REGISTRY","automaticUpdatePolicy":{},"buildServiceAccount":"projects/vibechat-f87fe/serviceAccounts/802645032363-compute@developer.gserviceaccount.com"},{"name":"projects/vibechat-f87fe/locations/asia-south1/functions/sendFriendRequestNotification","eventTrigger":{"eventType":"providers/cloud.firestore/eventTypes/document.update","resource":"projects/vibechat-f87fe/databases/(default)/documents/users/{userId}","service":"firestore.googleapis.com","failurePolicy":{}},"status":"ACTIVE","entryPoint":"sendFriendRequestNotification","timeout":"60s","availableMemoryMb":256,"serviceAccountEmail":"vibechat-f87fe@appspot.gserviceaccount.com","updateTime":"2025-12-20T18:48:12.552055335Z","versionId":"6","labels":{"firebase-functions-hash":"93fe9967a625fbff9ce9024be6860757436ba9c9","deployment-tool":"cli-firebase"},"sourceUploadUrl":"https://storage.googleapis.com/uploads-445553371994.asia-south1.cloudfunctions.appspot.com/7c71f5a8-b8f0-48e3-9403-b44852442e43.zip","environmentVariables":{"FIREBASE_CONFIG":"{\"projectId\":\"vibechat-f87fe\",\"databaseURL\":\"https://vibechat-f87fe-default-rtdb.asia-southeast1.firebasedatabase.app\",\"storageBucket\":\"vibechat-f87fe.firebasestorage.app\"}","GCLOUD_PROJECT":"vibechat-f87fe","EVENTARC_CLOUD_EVENT_SOURCE":"projects/vibechat-f87fe/locations/asia-south1/functions/sendFriendRequestNotification"},"runtime":"nodejs22","maxInstances":3000,"ingressSettings":"ALLOW_ALL","buildId":"b440603e-9542-4db6-aac7-6ab3c328e4d8","buildEnvironmentVariables":{"GOOGLE_NODE_RUN_SCRIPTS":""},"buildName":"projects/802645032363/locations/asia-south1/builds/b440603e-9542-4db6-aac7-6ab3c328e4d8","dockerRegistry":"ARTIFACT_REGISTRY","automaticUpdatePolicy":{},"buildServiceAccount":"projects/vibechat-f87fe/serviceAccounts/802645032363-compute@developer.gserviceaccount.com"},{"name":"projects/vibechat-f87fe/locations/asia-south1/functions/notifyAppUpdate","eventTrigger":{"eventType":"providers/cloud.firestore/eventTypes/document.write","resource":"projects/vibechat-f87fe/databases/(default)/documents/appConfig/latestRelease","service":"firestore.googleapis.com","failurePolicy":{}},"status":"ACTIVE","entryPoint":"notifyAppUpdate","timeout":"60s","availableMemoryMb":256,"serviceAccountEmail":"vibechat-f87fe@appspot.gserviceaccount.com","updateTime":"2025-12-20T18:48:12.628352325Z","versionId":"6","labels":{"deployment-tool":"cli-firebase","firebase-functions-hash":"93fe9967a625fbff9ce9024be6860757436ba9c9"},"sourceUploadUrl":"https://storage.googleapis.com/uploads-445553371994.asia-south1.cloudfunctions.appspot.com/7c71f5a8-b8f0-48e3-9403-b44852442e43.zip","environmentVariables":{"FIREBASE_CONFIG":"{\"projectId\":\"vibechat-f87fe\",\"databaseURL\":\"https://vibechat-f87fe-default-rtdb.asia-southeast1.firebasedatabase.app\",\"storageBucket\":\"vibechat-f87fe.firebasestorage.app\"}","GCLOUD_PROJECT":"vibechat-f87fe","EVENTARC_CLOUD_EVENT_SOURCE":"projects/vibechat-f87fe/locations/asia-south1/functions/notifyAppUpdate"},"runtime":"nodejs22","maxInstances":3000,"ingressSettings":"ALLOW_ALL","buildId":"b440603e-9542-4db6-aac7-6ab3c328e4d8","buildEnvironmentVariables":{"GOOGLE_NODE_RUN_SCRIPTS":""},"buildName":"projects/802645032363/locations/asia-south1/builds/b440603e-9542-4db6-aac7-6ab3c328e4d8","dockerRegistry":"ARTIFACT_REGISTRY","automaticUpdatePolicy":{},"buildServiceAccount":"projects/vibechat-f87fe/serviceAccounts/802645032363-compute@developer.gserviceaccount.com"},{"name":"projects/vibechat-f87fe/locations/asia-south1/functions/clearChatNotificationsOnRead","eventTrigger":{"eventType":"providers/cloud.firestore/eventTypes/document.update","resource":"projects/vibechat-f87fe/databases/(default)/documents/chats/{chatId}/messages/{messageId}","service":"firestore.googleapis.com","failurePolicy":{}},"status":"ACTIVE","entryPoint":"clearChatNotificationsOnRead","timeout":"60s","availableMemoryMb":256,"serviceAccountEmail":"vibechat-f87fe@appspot.gserviceaccount.com","updateTime":"2025-12-20T18:48:12.570760180Z","versionId":"6","labels":{"deployment-tool":"cli-firebase","firebase-functions-hash":"93fe9967a625fbff9ce9024be6860757436ba9c9"},"sourceUploadUrl":"https://storage.googleapis.com/uploads-445553371994.asia-south1.cloudfunctions.appspot.com/7c71f5a8-b8f0-48e3-9403-b44852442e43.zip","environmentVariables":{"FIREBASE_CONFIG":"{\"projectId\":\"vibechat-f87fe\",\"databaseURL\":\"https://vibechat-f87fe-default-rtdb.asia-southeast1.firebasedatabase.app\",\"storageBucket\":\"vibechat-f87fe.firebasestorage.app\"}","GCLOUD_PROJECT":"vibechat-f87fe","EVENTARC_CLOUD_EVENT_SOURCE":"projects/vibechat-f87fe/locations/asia-south1/functions/clearChatNotificationsOnRead"},"runtime":"nodejs22","maxInstances":3000,"ingressSettings":"ALLOW_ALL","buildId":"b440603e-9542-4db6-aac7-6ab3c328e4d8","buildEnvironmentVariables":{"GOOGLE_NODE_RUN_SCRIPTS":""},"buildName":"projects/802645032363/locations/asia-south1/builds/b440603e-9542-4db6-aac7-6ab3c328e4d8","dockerRegistry":"ARTIFACT_REGISTRY","automaticUpdatePolicy":{},"buildServiceAccount":"projects/vibechat-f87fe/serviceAccounts/802645032363-compute@developer.gserviceaccount.com"}]}
[debug] [2025-12-20T19:33:07.829Z] Checked if tokens are valid: true, expires at: 1766262767308
[debug] [2025-12-20T19:33:07.829Z] Checked if tokens are valid: true, expires at: 1766262767308
[debug] [2025-12-20T19:33:07.829Z] >>> [apiv2][query] GET https://cloudfunctions.googleapis.com/v2/projects/vibechat-f87fe/locations/-/functions filter=environment%3D%22GEN_2%22
[debug] [2025-12-20T19:33:09.512Z] <<< [apiv2][status] GET https://cloudfunctions.googleapis.com/v2/projects/vibechat-f87fe/locations/-/functions 200
[debug] [2025-12-20T19:33:09.512Z] <<< [apiv2][body] GET https://cloudfunctions.googleapis.com/v2/projects/vibechat-f87fe/locations/-/functions {}
[info] i  functions: ensuring required API cloudscheduler.googleapis.com is enabled... 
[debug] [2025-12-20T19:33:09.518Z] Checked if tokens are valid: true, expires at: 1766262767308
[debug] [2025-12-20T19:33:09.518Z] Checked if tokens are valid: true, expires at: 1766262767308
[debug] [2025-12-20T19:33:09.518Z] >>> [apiv2][query] GET https://serviceusage.googleapis.com/v1/projects/802645032363/services/cloudscheduler.googleapis.com [none]
[debug] [2025-12-20T19:33:09.518Z] >>> [apiv2][(partial)header] GET https://serviceusage.googleapis.com/v1/projects/802645032363/services/cloudscheduler.googleapis.com x-goog-quota-user=projects/802645032363
[debug] [2025-12-20T19:33:11.598Z] <<< [apiv2][status] GET https://serviceusage.googleapis.com/v1/projects/802645032363/services/cloudscheduler.googleapis.com 200
[debug] [2025-12-20T19:33:11.598Z] <<< [apiv2][body] GET https://serviceusage.googleapis.com/v1/projects/802645032363/services/cloudscheduler.googleapis.com [omitted]
[warn] !  functions: missing required API cloudscheduler.googleapis.com. Enabling now... 
[debug] [2025-12-20T19:33:11.602Z] Checked if tokens are valid: true, expires at: 1766262767308
[debug] [2025-12-20T19:33:11.602Z] Checked if tokens are valid: true, expires at: 1766262767308
[debug] [2025-12-20T19:33:11.602Z] >>> [apiv2][query] POST https://serviceusage.googleapis.com/v1/projects/802645032363/services/cloudscheduler.googleapis.com:enable [none]
[debug] [2025-12-20T19:33:11.603Z] >>> [apiv2][(partial)header] POST https://serviceusage.googleapis.com/v1/projects/802645032363/services/cloudscheduler.googleapis.com:enable x-goog-quota-user=projects/802645032363
[debug] [2025-12-20T19:33:13.520Z] <<< [apiv2][status] POST https://serviceusage.googleapis.com/v1/projects/802645032363/services/cloudscheduler.googleapis.com:enable 200
[debug] [2025-12-20T19:33:13.520Z] <<< [apiv2][body] POST https://serviceusage.googleapis.com/v1/projects/802645032363/services/cloudscheduler.googleapis.com:enable [omitted]
[debug] [2025-12-20T19:33:23.547Z] Checked if tokens are valid: true, expires at: 1766262767308
[debug] [2025-12-20T19:33:23.548Z] Checked if tokens are valid: true, expires at: 1766262767308
[debug] [2025-12-20T19:33:23.548Z] >>> [apiv2][query] GET https://cloudresourcemanager.googleapis.com/v1/projects/vibechat-f87fe [none]
[debug] [2025-12-20T19:33:25.177Z] <<< [apiv2][status] GET https://cloudresourcemanager.googleapis.com/v1/projects/vibechat-f87fe 200
[debug] [2025-12-20T19:33:25.177Z] <<< [apiv2][body] GET https://cloudresourcemanager.googleapis.com/v1/projects/vibechat-f87fe {"projectNumber":"802645032363","projectId":"vibechat-f87fe","lifecycleState":"ACTIVE","name":"Duet","labels":{"firebase":"enabled","firebase-core":"disabled"},"createTime":"2025-11-02T07:20:50.437590Z"}
[debug] [2025-12-20T19:33:25.179Z] Checked if tokens are valid: true, expires at: 1766262767308
[debug] [2025-12-20T19:33:25.179Z] Checked if tokens are valid: true, expires at: 1766262767308
[debug] [2025-12-20T19:33:25.179Z] >>> [apiv2][query] GET https://cloudbilling.googleapis.com/v1/projects/vibechat-f87fe/billingInfo [none]
[debug] [2025-12-20T19:33:26.843Z] <<< [apiv2][status] GET https://cloudbilling.googleapis.com/v1/projects/vibechat-f87fe/billingInfo 200
[debug] [2025-12-20T19:33:26.843Z] <<< [apiv2][body] GET https://cloudbilling.googleapis.com/v1/projects/vibechat-f87fe/billingInfo {"name":"projects/vibechat-f87fe/billingInfo","projectId":"vibechat-f87fe","billingAccountName":"billingAccounts/017D19-A0ECEE-B39EE6","billingEnabled":true}
[debug] [2025-12-20T19:33:26.848Z] Checked if tokens are valid: true, expires at: 1766262767308
[debug] [2025-12-20T19:33:26.848Z] Checked if tokens are valid: true, expires at: 1766262767308
[debug] [2025-12-20T19:33:26.849Z] >>> [apiv2][query] POST https://cloudfunctions.googleapis.com/v1/projects/vibechat-f87fe/locations/asia-south1/functions:generateUploadUrl [none]
[debug] [2025-12-20T19:33:26.850Z] >>> [apiv2][body] POST https://cloudfunctions.googleapis.com/v1/projects/vibechat-f87fe/locations/asia-south1/functions:generateUploadUrl {}
[debug] [2025-12-20T19:33:29.062Z] <<< [apiv2][status] POST https://cloudfunctions.googleapis.com/v1/projects/vibechat-f87fe/locations/asia-south1/functions:generateUploadUrl 200
[debug] [2025-12-20T19:33:29.062Z] <<< [apiv2][body] POST https://cloudfunctions.googleapis.com/v1/projects/vibechat-f87fe/locations/asia-south1/functions:generateUploadUrl {"uploadUrl":"https://storage.googleapis.com/uploads-445553371994.asia-south1.cloudfunctions.appspot.com/093b9755-b2c0-4b45-b14a-9543d10851c1.zip?GoogleAccessId=service-802645032363@gcf-admin-robot.iam.gserviceaccount.com&Expires=1766261008&Signature=irp9nMbIdyl0uVAwGbyjC2msV0nT0%2F3sZMEHMT7NY9soShepl2eRXK1RCoIRJi60mgFF53tOs0Pc%2BUUQEgSnlpi5nDjabZJ83zUG%2FkfSW4EJC5IHHS%2FrMyxf0DyqZ6zlWWtA5jJq994w4Hn7OqngwgBsBcqWYHPL6bDE9zxHH1pdW%2FQgqxYezff4Eu0NfEsNizdK5CBgBLcGtdQUYl5DvNFtQlbgE7Y6mGPH2iGqri6%2Bjf%2BPSSCYCc0c7qUAAGvje6l51A5mMgaprGyz5HJgrf7Y1VyF3IKm8%2F%2BWKBf%2FZKmAUvBZ3lUGEQ6EsolffxoJ8t3wOiPZ5Ins7No4PRjlwA%3D%3D"}
[debug] [2025-12-20T19:33:29.080Z] >>> [apiv2][query] PUT https://storage.googleapis.com/uploads-445553371994.asia-south1.cloudfunctions.appspot.com/093b9755-b2c0-4b45-b14a-9543d10851c1.zip GoogleAccessId=service-802645032363%40gcf-admin-robot.iam.gserviceaccount.com&Expires=1766261008&Signature=irp9nMbIdyl0uVAwGbyjC2msV0nT0%2F3sZMEHMT7NY9soShepl2eRXK1RCoIRJi60mgFF53tOs0Pc%2BUUQEgSnlpi5nDjabZJ83zUG%2FkfSW4EJC5IHHS%2FrMyxf0DyqZ6zlWWtA5jJq994w4Hn7OqngwgBsBcqWYHPL6bDE9zxHH1pdW%2FQgqxYezff4Eu0NfEsNizdK5CBgBLcGtdQUYl5DvNFtQlbgE7Y6mGPH2iGqri6%2Bjf%2BPSSCYCc0c7qUAAGvje6l51A5mMgaprGyz5HJgrf7Y1VyF3IKm8%2F%2BWKBf%2FZKmAUvBZ3lUGEQ6EsolffxoJ8t3wOiPZ5Ins7No4PRjlwA%3D%3D
[debug] [2025-12-20T19:33:29.080Z] >>> [apiv2][body] PUT https://storage.googleapis.com/uploads-445553371994.asia-south1.cloudfunctions.appspot.com/093b9755-b2c0-4b45-b14a-9543d10851c1.zip [stream]
[debug] [2025-12-20T19:33:29.849Z] <<< [apiv2][status] PUT https://storage.googleapis.com/uploads-445553371994.asia-south1.cloudfunctions.appspot.com/093b9755-b2c0-4b45-b14a-9543d10851c1.zip 200
[debug] [2025-12-20T19:33:29.850Z] <<< [apiv2][body] PUT https://storage.googleapis.com/uploads-445553371994.asia-south1.cloudfunctions.appspot.com/093b9755-b2c0-4b45-b14a-9543d10851c1.zip [omitted]
[info] +  functions: functions source uploaded successfully 
[info] i  functions: creating Node.js 22 (1st Gen) function cleanupExpiredMessages(asia-south1)... 
[info] i  functions: updating Node.js 22 (1st Gen) function sendChatMessageNotification(asia-south1)... 
[info] i  functions: updating Node.js 22 (1st Gen) function clearChatNotificationsOnRead(asia-south1)... 
[info] i  functions: updating Node.js 22 (1st Gen) function sendFriendRequestNotification(asia-south1)... 
[info] i  functions: updating Node.js 22 (1st Gen) function notifyAppUpdate(asia-south1)... 
[debug] [2025-12-20T19:33:29.858Z] Checked if tokens are valid: true, expires at: 1766262767308
[debug] [2025-12-20T19:33:29.858Z] Checked if tokens are valid: true, expires at: 1766262767308
[debug] [2025-12-20T19:33:29.858Z] >>> [apiv2][query] POST https://cloudfunctions.googleapis.com/v1/projects/vibechat-f87fe/locations/asia-south1/functions [none]
[debug] [2025-12-20T19:33:29.858Z] >>> [apiv2][body] POST https://cloudfunctions.googleapis.com/v1/projects/vibechat-f87fe/locations/asia-south1/functions {"name":"projects/vibechat-f87fe/locations/asia-south1/functions/cleanupExpiredMessages","sourceUploadUrl":"https://storage.googleapis.com/uploads-445553371994.asia-south1.cloudfunctions.appspot.com/093b9755-b2c0-4b45-b14a-9543d10851c1.zip?GoogleAccessId=service-802645032363@gcf-admin-robot.iam.gserviceaccount.com&Expires=1766261008&Signature=irp9nMbIdyl0uVAwGbyjC2msV0nT0%2F3sZMEHMT7NY9soShepl2eRXK1RCoIRJi60mgFF53tOs0Pc%2BUUQEgSnlpi5nDjabZJ83zUG%2FkfSW4EJC5IHHS%2FrMyxf0DyqZ6zlWWtA5jJq994w4Hn7OqngwgBsBcqWYHPL6bDE9zxHH1pdW%2FQgqxYezff4Eu0NfEsNizdK5CBgBLcGtdQUYl5DvNFtQlbgE7Y6mGPH2iGqri6%2Bjf%2BPSSCYCc0c7qUAAGvje6l51A5mMgaprGyz5HJgrf7Y1VyF3IKm8%2F%2BWKBf%2FZKmAUvBZ3lUGEQ6EsolffxoJ8t3wOiPZ5Ins7No4PRjlwA%3D%3D","entryPoint":"cleanupExpiredMessages","runtime":"nodejs22","dockerRegistry":"ARTIFACT_REGISTRY","labels":{"deployment-tool":"cli-firebase","deployment-scheduled":"true","firebase-functions-hash":"91bfd5fdfb74a87b973c71e318c3a4966af04f6e"},"eventTrigger":{"eventType":"google.pubsub.topic.publish","resource":"projects/vibechat-f87fe/topics/firebase-schedule-cleanupExpiredMessages-asia-south1"},"minInstances":null,"maxInstances":null,"ingressSettings":null,"environmentVariables":{"FIREBASE_CONFIG":"{\"projectId\":\"vibechat-f87fe\",\"databaseURL\":\"https://vibechat-f87fe-default-rtdb.asia-southeast1.firebasedatabase.app\",\"storageBucket\":\"vibechat-f87fe.firebasestorage.app\"}","GCLOUD_PROJECT":"vibechat-f87fe","EVENTARC_CLOUD_EVENT_SOURCE":"projects/vibechat-f87fe/locations/asia-south1/functions/cleanupExpiredMessages"},"serviceAccountEmail":null,"availableMemoryMb":null,"timeout":null,"vpcConnector":null,"vpcConnectorEgressSettings":null,"buildEnvironmentVariables":{"GOOGLE_NODE_RUN_SCRIPTS":""}}
[debug] [2025-12-20T19:33:30.838Z] <<< [apiv2][status] POST https://cloudfunctions.googleapis.com/v1/projects/vibechat-f87fe/locations/asia-south1/functions 200
[debug] [2025-12-20T19:33:30.839Z] <<< [apiv2][body] POST https://cloudfunctions.googleapis.com/v1/projects/vibechat-f87fe/locations/asia-south1/functions {"name":"operations/cHJvamVjdHMvdmliZWNoYXQtZjg3ZmUvbG9jYXRpb25zL2FzaWEtc291dGgxL29wZXJhdGlvbnMvb3BlcmF0aW9uLTE3NjYyNTkyMTAxMjgtNjQ2Njc0NGNkMGI1MC0zODU5N2Y1OS1lOWI0ZDhjNQ","metadata":{"@type":"type.googleapis.com/google.cloud.functions.v1.OperationMetadataV1","target":"projects/vibechat-f87fe/locations/asia-south1/functions/cleanupExpiredMessages","updateTime":"2025-12-20T19:33:30.710120734Z"}}
[debug] [2025-12-20T19:33:30.841Z] Checked if tokens are valid: true, expires at: 1766262767308
[debug] [2025-12-20T19:33:30.841Z] Checked if tokens are valid: true, expires at: 1766262767308
[debug] [2025-12-20T19:33:30.842Z] >>> [apiv2][query] GET https://cloudfunctions.googleapis.com/v1/operations/cHJvamVjdHMvdmliZWNoYXQtZjg3ZmUvbG9jYXRpb25zL2FzaWEtc291dGgxL29wZXJhdGlvbnMvb3BlcmF0aW9uLTE3NjYyNTkyMTAxMjgtNjQ2Njc0NGNkMGI1MC0zODU5N2Y1OS1lOWI0ZDhjNQ [none]
[debug] [2025-12-20T19:33:31.200Z] <<< [apiv2][status] GET https://cloudfunctions.googleapis.com/v1/operations/cHJvamVjdHMvdmliZWNoYXQtZjg3ZmUvbG9jYXRpb25zL2FzaWEtc291dGgxL29wZXJhdGlvbnMvb3BlcmF0aW9uLTE3NjYyNTkyMTAxMjgtNjQ2Njc0NGNkMGI1MC0zODU5N2Y1OS1lOWI0ZDhjNQ 200
[debug] [2025-12-20T19:33:31.200Z] <<< [apiv2][body] GET https://cloudfunctions.googleapis.com/v1/operations/cHJvamVjdHMvdmliZWNoYXQtZjg3ZmUvbG9jYXRpb25zL2FzaWEtc291dGgxL29wZXJhdGlvbnMvb3BlcmF0aW9uLTE3NjYyNTkyMTAxMjgtNjQ2Njc0NGNkMGI1MC0zODU5N2Y1OS1lOWI0ZDhjNQ {"name":"operations/cHJvamVjdHMvdmliZWNoYXQtZjg3ZmUvbG9jYXRpb25zL2FzaWEtc291dGgxL29wZXJhdGlvbnMvb3BlcmF0aW9uLTE3NjYyNTkyMTAxMjgtNjQ2Njc0NGNkMGI1MC0zODU5N2Y1OS1lOWI0ZDhjNQ","metadata":{"@type":"type.googleapis.com/google.cloud.functions.v1.OperationMetadataV1","target":"projects/vibechat-f87fe/locations/asia-south1/functions/cleanupExpiredMessages","updateTime":"2025-12-20T19:33:30.710120734Z"}}
[debug] [2025-12-20T19:33:31.706Z] [create-default-asia-south1-cleanupExpiredMessages] Retrying task index 0
[debug] [2025-12-20T19:33:31.707Z] Checked if tokens are valid: true, expires at: 1766262767308
[debug] [2025-12-20T19:33:31.707Z] Checked if tokens are valid: true, expires at: 1766262767308
[debug] [2025-12-20T19:33:31.708Z] >>> [apiv2][query] GET https://cloudfunctions.googleapis.com/v1/operations/cHJvamVjdHMvdmliZWNoYXQtZjg3ZmUvbG9jYXRpb25zL2FzaWEtc291dGgxL29wZXJhdGlvbnMvb3BlcmF0aW9uLTE3NjYyNTkyMTAxMjgtNjQ2Njc0NGNkMGI1MC0zODU5N2Y1OS1lOWI0ZDhjNQ [none]
[debug] [2025-12-20T19:33:32.043Z] <<< [apiv2][status] GET https://cloudfunctions.googleapis.com/v1/operations/cHJvamVjdHMvdmliZWNoYXQtZjg3ZmUvbG9jYXRpb25zL2FzaWEtc291dGgxL29wZXJhdGlvbnMvb3BlcmF0aW9uLTE3NjYyNTkyMTAxMjgtNjQ2Njc0NGNkMGI1MC0zODU5N2Y1OS1lOWI0ZDhjNQ 200
[debug] [2025-12-20T19:33:32.044Z] <<< [apiv2][body] GET https://cloudfunctions.googleapis.com/v1/operations/cHJvamVjdHMvdmliZWNoYXQtZjg3ZmUvbG9jYXRpb25zL2FzaWEtc291dGgxL29wZXJhdGlvbnMvb3BlcmF0aW9uLTE3NjYyNTkyMTAxMjgtNjQ2Njc0NGNkMGI1MC0zODU5N2Y1OS1lOWI0ZDhjNQ {"name":"operations/cHJvamVjdHMvdmliZWNoYXQtZjg3ZmUvbG9jYXRpb25zL2FzaWEtc291dGgxL29wZXJhdGlvbnMvb3BlcmF0aW9uLTE3NjYyNTkyMTAxMjgtNjQ2Njc0NGNkMGI1MC0zODU5N2Y1OS1lOWI0ZDhjNQ","metadata":{"@type":"type.googleapis.com/google.cloud.functions.v1.OperationMetadataV1","target":"projects/vibechat-f87fe/locations/asia-south1/functions/cleanupExpiredMessages","type":"CREATE_FUNCTION","request":{"@type":"type.googleapis.com/google.cloud.functions.v1.CloudFunction","name":"projects/vibechat-f87fe/locations/asia-south1/functions/cleanupExpiredMessages","eventTrigger":{"eventType":"google.pubsub.topic.publish","resource":"projects/vibechat-f87fe/topics/firebase-schedule-cleanupExpiredMessages-asia-south1","failurePolicy":{}},"entryPoint":"cleanupExpiredMessages","updateTime":"1970-01-01T00:00:00Z","labels":{"deployment-tool":"cli-firebase","deployment-scheduled":"true","firebase-functions-hash":"91bfd5fdfb74a87b973c71e318c3a4966af04f6e"},"sourceUploadUrl":"https://storage.googleapis.com/uploads-445553371994.asia-south1.cloudfunctions.appspot.com/093b9755-b2c0-4b45-b14a-9543d10851c1.zip?GoogleAccessId=service-802645032363@gcf-admin-robot.iam.gserviceaccount.com&Expires=1766261008&Signature=irp9nMbIdyl0uVAwGbyjC2msV0nT0%2F3sZMEHMT7NY9soShepl2eRXK1RCoIRJi60mgFF53tOs0Pc%2BUUQEgSnlpi5nDjabZJ83zUG%2FkfSW4EJC5IHHS%2FrMyxf0DyqZ6zlWWtA5jJq994w4Hn7OqngwgBsBcqWYHPL6bDE9zxHH1pdW%2FQgqxYezff4Eu0NfEsNizdK5CBgBLcGtdQUYl5DvNFtQlbgE7Y6mGPH2iGqri6%2Bjf%2BPSSCYCc0c7qUAAGvje6l51A5mMgaprGyz5HJgrf7Y1VyF3IKm8%2F%2BWKBf%2FZKmAUvBZ3lUGEQ6EsolffxoJ8t3wOiPZ5Ins7No4PRjlwA%3D%3D","environmentVariables":{"FIREBASE_CONFIG":"{\"projectId\":\"vibechat-f87fe\",\"databaseURL\":\"https://vibechat-f87fe-default-rtdb.asia-southeast1.firebasedatabase.app\",\"storageBucket\":\"vibechat-f87fe.firebasestorage.app\"}","GCLOUD_PROJECT":"vibechat-f87fe","EVENTARC_CLOUD_EVENT_SOURCE":"projects/vibechat-f87fe/locations/asia-south1/functions/cleanupExpiredMessages"},"runtime":"nodejs22","buildEnvironmentVariables":{"GOOGLE_NODE_RUN_SCRIPTS":""},"dockerRegistry":"ARTIFACT_REGISTRY"},"versionId":"1","updateTime":"2025-12-20T19:33:30.710120734Z"}}
[debug] [2025-12-20T19:33:33.053Z] [create-default-asia-south1-cleanupExpiredMessages] Retrying task index 0
[debug] [2025-12-20T19:33:33.054Z] Checked if tokens are valid: true, expires at: 1766262767308
[debug] [2025-12-20T19:33:33.055Z] Checked if tokens are valid: true, expires at: 1766262767308
[debug] [2025-12-20T19:33:33.055Z] >>> [apiv2][query] GET https://cloudfunctions.googleapis.com/v1/operations/cHJvamVjdHMvdmliZWNoYXQtZjg3ZmUvbG9jYXRpb25zL2FzaWEtc291dGgxL29wZXJhdGlvbnMvb3BlcmF0aW9uLTE3NjYyNTkyMTAxMjgtNjQ2Njc0NGNkMGI1MC0zODU5N2Y1OS1lOWI0ZDhjNQ [none]
[debug] [2025-12-20T19:33:33.389Z] <<< [apiv2][status] GET https://cloudfunctions.googleapis.com/v1/operations/cHJvamVjdHMvdmliZWNoYXQtZjg3ZmUvbG9jYXRpb25zL2FzaWEtc291dGgxL29wZXJhdGlvbnMvb3BlcmF0aW9uLTE3NjYyNTkyMTAxMjgtNjQ2Njc0NGNkMGI1MC0zODU5N2Y1OS1lOWI0ZDhjNQ 200
[debug] [2025-12-20T19:33:33.389Z] <<< [apiv2][body] GET https://cloudfunctions.googleapis.com/v1/operations/cHJvamVjdHMvdmliZWNoYXQtZjg3ZmUvbG9jYXRpb25zL2FzaWEtc291dGgxL29wZXJhdGlvbnMvb3BlcmF0aW9uLTE3NjYyNTkyMTAxMjgtNjQ2Njc0NGNkMGI1MC0zODU5N2Y1OS1lOWI0ZDhjNQ {"name":"operations/cHJvamVjdHMvdmliZWNoYXQtZjg3ZmUvbG9jYXRpb25zL2FzaWEtc291dGgxL29wZXJhdGlvbnMvb3BlcmF0aW9uLTE3NjYyNTkyMTAxMjgtNjQ2Njc0NGNkMGI1MC0zODU5N2Y1OS1lOWI0ZDhjNQ","metadata":{"@type":"type.googleapis.com/google.cloud.functions.v1.OperationMetadataV1","target":"projects/vibechat-f87fe/locations/asia-south1/functions/cleanupExpiredMessages","type":"CREATE_FUNCTION","request":{"@type":"type.googleapis.com/google.cloud.functions.v1.CloudFunction","name":"projects/vibechat-f87fe/locations/asia-south1/functions/cleanupExpiredMessages","eventTrigger":{"eventType":"google.pubsub.topic.publish","resource":"projects/vibechat-f87fe/topics/firebase-schedule-cleanupExpiredMessages-asia-south1","failurePolicy":{}},"entryPoint":"cleanupExpiredMessages","updateTime":"1970-01-01T00:00:00Z","labels":{"deployment-tool":"cli-firebase","deployment-scheduled":"true","firebase-functions-hash":"91bfd5fdfb74a87b973c71e318c3a4966af04f6e"},"sourceUploadUrl":"https://storage.googleapis.com/uploads-445553371994.asia-south1.cloudfunctions.appspot.com/093b9755-b2c0-4b45-b14a-9543d10851c1.zip?GoogleAccessId=service-802645032363@gcf-admin-robot.iam.gserviceaccount.com&Expires=1766261008&Signature=irp9nMbIdyl0uVAwGbyjC2msV0nT0%2F3sZMEHMT7NY9soShepl2eRXK1RCoIRJi60mgFF53tOs0Pc%2BUUQEgSnlpi5nDjabZJ83zUG%2FkfSW4EJC5IHHS%2FrMyxf0DyqZ6zlWWtA5jJq994w4Hn7OqngwgBsBcqWYHPL6bDE9zxHH1pdW%2FQgqxYezff4Eu0NfEsNizdK5CBgBLcGtdQUYl5DvNFtQlbgE7Y6mGPH2iGqri6%2Bjf%2BPSSCYCc0c7qUAAGvje6l51A5mMgaprGyz5HJgrf7Y1VyF3IKm8%2F%2BWKBf%2FZKmAUvBZ3lUGEQ6EsolffxoJ8t3wOiPZ5Ins7No4PRjlwA%3D%3D","environmentVariables":{"FIREBASE_CONFIG":"{\"projectId\":\"vibechat-f87fe\",\"databaseURL\":\"https://vibechat-f87fe-default-rtdb.asia-southeast1.firebasedatabase.app\",\"storageBucket\":\"vibechat-f87fe.firebasestorage.app\"}","GCLOUD_PROJECT":"vibechat-f87fe","EVENTARC_CLOUD_EVENT_SOURCE":"projects/vibechat-f87fe/locations/asia-south1/functions/cleanupExpiredMessages"},"runtime":"nodejs22","buildEnvironmentVariables":{"GOOGLE_NODE_RUN_SCRIPTS":""},"dockerRegistry":"ARTIFACT_REGISTRY"},"versionId":"1","updateTime":"2025-12-20T19:33:30.710120734Z"}}
[debug] [2025-12-20T19:33:35.394Z] [create-default-asia-south1-cleanupExpiredMessages] Retrying task index 0
[debug] [2025-12-20T19:33:35.395Z] Checked if tokens are valid: true, expires at: 1766262767308
[debug] [2025-12-20T19:33:35.395Z] Checked if tokens are valid: true, expires at: 1766262767308
[debug] [2025-12-20T19:33:35.395Z] >>> [apiv2][query] GET https://cloudfunctions.googleapis.com/v1/operations/cHJvamVjdHMvdmliZWNoYXQtZjg3ZmUvbG9jYXRpb25zL2FzaWEtc291dGgxL29wZXJhdGlvbnMvb3BlcmF0aW9uLTE3NjYyNTkyMTAxMjgtNjQ2Njc0NGNkMGI1MC0zODU5N2Y1OS1lOWI0ZDhjNQ [none]
[debug] [2025-12-20T19:33:35.747Z] <<< [apiv2][status] GET https://cloudfunctions.googleapis.com/v1/operations/cHJvamVjdHMvdmliZWNoYXQtZjg3ZmUvbG9jYXRpb25zL2FzaWEtc291dGgxL29wZXJhdGlvbnMvb3BlcmF0aW9uLTE3NjYyNTkyMTAxMjgtNjQ2Njc0NGNkMGI1MC0zODU5N2Y1OS1lOWI0ZDhjNQ 200
[debug] [2025-12-20T19:33:35.747Z] <<< [apiv2][body] GET https://cloudfunctions.googleapis.com/v1/operations/cHJvamVjdHMvdmliZWNoYXQtZjg3ZmUvbG9jYXRpb25zL2FzaWEtc291dGgxL29wZXJhdGlvbnMvb3BlcmF0aW9uLTE3NjYyNTkyMTAxMjgtNjQ2Njc0NGNkMGI1MC0zODU5N2Y1OS1lOWI0ZDhjNQ {"name":"operations/cHJvamVjdHMvdmliZWNoYXQtZjg3ZmUvbG9jYXRpb25zL2FzaWEtc291dGgxL29wZXJhdGlvbnMvb3BlcmF0aW9uLTE3NjYyNTkyMTAxMjgtNjQ2Njc0NGNkMGI1MC0zODU5N2Y1OS1lOWI0ZDhjNQ","metadata":{"@type":"type.googleapis.com/google.cloud.functions.v1.OperationMetadataV1","target":"projects/vibechat-f87fe/locations/asia-south1/functions/cleanupExpiredMessages","type":"CREATE_FUNCTION","request":{"@type":"type.googleapis.com/google.cloud.functions.v1.CloudFunction","name":"projects/vibechat-f87fe/locations/asia-south1/functions/cleanupExpiredMessages","eventTrigger":{"eventType":"google.pubsub.topic.publish","resource":"projects/vibechat-f87fe/topics/firebase-schedule-cleanupExpiredMessages-asia-south1","failurePolicy":{}},"entryPoint":"cleanupExpiredMessages","updateTime":"1970-01-01T00:00:00Z","labels":{"deployment-tool":"cli-firebase","deployment-scheduled":"true","firebase-functions-hash":"91bfd5fdfb74a87b973c71e318c3a4966af04f6e"},"sourceUploadUrl":"https://storage.googleapis.com/uploads-445553371994.asia-south1.cloudfunctions.appspot.com/093b9755-b2c0-4b45-b14a-9543d10851c1.zip?GoogleAccessId=service-802645032363@gcf-admin-robot.iam.gserviceaccount.com&Expires=1766261008&Signature=irp9nMbIdyl0uVAwGbyjC2msV0nT0%2F3sZMEHMT7NY9soShepl2eRXK1RCoIRJi60mgFF53tOs0Pc%2BUUQEgSnlpi5nDjabZJ83zUG%2FkfSW4EJC5IHHS%2FrMyxf0DyqZ6zlWWtA5jJq994w4Hn7OqngwgBsBcqWYHPL6bDE9zxHH1pdW%2FQgqxYezff4Eu0NfEsNizdK5CBgBLcGtdQUYl5DvNFtQlbgE7Y6mGPH2iGqri6%2Bjf%2BPSSCYCc0c7qUAAGvje6l51A5mMgaprGyz5HJgrf7Y1VyF3IKm8%2F%2BWKBf%2FZKmAUvBZ3lUGEQ6EsolffxoJ8t3wOiPZ5Ins7No4PRjlwA%3D%3D","environmentVariables":{"FIREBASE_CONFIG":"{\"projectId\":\"vibechat-f87fe\",\"databaseURL\":\"https://vibechat-f87fe-default-rtdb.asia-southeast1.firebasedatabase.app\",\"storageBucket\":\"vibechat-f87fe.firebasestorage.app\"}","GCLOUD_PROJECT":"vibechat-f87fe","EVENTARC_CLOUD_EVENT_SOURCE":"projects/vibechat-f87fe/locations/asia-south1/functions/cleanupExpiredMessages"},"runtime":"nodejs22","buildEnvironmentVariables":{"GOOGLE_NODE_RUN_SCRIPTS":""},"dockerRegistry":"ARTIFACT_REGISTRY"},"versionId":"1","updateTime":"2025-12-20T19:33:30.710120734Z"}}
[debug] [2025-12-20T19:33:39.748Z] [create-default-asia-south1-cleanupExpiredMessages] Retrying task index 0
[debug] [2025-12-20T19:33:39.749Z] Checked if tokens are valid: true, expires at: 1766262767308
[debug] [2025-12-20T19:33:39.749Z] Checked if tokens are valid: true, expires at: 1766262767308
[debug] [2025-12-20T19:33:39.749Z] >>> [apiv2][query] GET https://cloudfunctions.googleapis.com/v1/operations/cHJvamVjdHMvdmliZWNoYXQtZjg3ZmUvbG9jYXRpb25zL2FzaWEtc291dGgxL29wZXJhdGlvbnMvb3BlcmF0aW9uLTE3NjYyNTkyMTAxMjgtNjQ2Njc0NGNkMGI1MC0zODU5N2Y1OS1lOWI0ZDhjNQ [none]
[debug] [2025-12-20T19:33:40.069Z] <<< [apiv2][status] GET https://cloudfunctions.googleapis.com/v1/operations/cHJvamVjdHMvdmliZWNoYXQtZjg3ZmUvbG9jYXRpb25zL2FzaWEtc291dGgxL29wZXJhdGlvbnMvb3BlcmF0aW9uLTE3NjYyNTkyMTAxMjgtNjQ2Njc0NGNkMGI1MC0zODU5N2Y1OS1lOWI0ZDhjNQ 200
[debug] [2025-12-20T19:33:40.069Z] <<< [apiv2][body] GET https://cloudfunctions.googleapis.com/v1/operations/cHJvamVjdHMvdmliZWNoYXQtZjg3ZmUvbG9jYXRpb25zL2FzaWEtc291dGgxL29wZXJhdGlvbnMvb3BlcmF0aW9uLTE3NjYyNTkyMTAxMjgtNjQ2Njc0NGNkMGI1MC0zODU5N2Y1OS1lOWI0ZDhjNQ {"name":"operations/cHJvamVjdHMvdmliZWNoYXQtZjg3ZmUvbG9jYXRpb25zL2FzaWEtc291dGgxL29wZXJhdGlvbnMvb3BlcmF0aW9uLTE3NjYyNTkyMTAxMjgtNjQ2Njc0NGNkMGI1MC0zODU5N2Y1OS1lOWI0ZDhjNQ","metadata":{"@type":"type.googleapis.com/google.cloud.functions.v1.OperationMetadataV1","target":"projects/vibechat-f87fe/locations/asia-south1/functions/cleanupExpiredMessages","type":"CREATE_FUNCTION","request":{"@type":"type.googleapis.com/google.cloud.functions.v1.CloudFunction","name":"projects/vibechat-f87fe/locations/asia-south1/functions/cleanupExpiredMessages","eventTrigger":{"eventType":"google.pubsub.topic.publish","resource":"projects/vibechat-f87fe/topics/firebase-schedule-cleanupExpiredMessages-asia-south1","failurePolicy":{}},"entryPoint":"cleanupExpiredMessages","updateTime":"1970-01-01T00:00:00Z","labels":{"deployment-tool":"cli-firebase","deployment-scheduled":"true","firebase-functions-hash":"91bfd5fdfb74a87b973c71e318c3a4966af04f6e"},"sourceUploadUrl":"https://storage.googleapis.com/uploads-445553371994.asia-south1.cloudfunctions.appspot.com/093b9755-b2c0-4b45-b14a-9543d10851c1.zip?GoogleAccessId=service-802645032363@gcf-admin-robot.iam.gserviceaccount.com&Expires=1766261008&Signature=irp9nMbIdyl0uVAwGbyjC2msV0nT0%2F3sZMEHMT7NY9soShepl2eRXK1RCoIRJi60mgFF53tOs0Pc%2BUUQEgSnlpi5nDjabZJ83zUG%2FkfSW4EJC5IHHS%2FrMyxf0DyqZ6zlWWtA5jJq994w4Hn7OqngwgBsBcqWYHPL6bDE9zxHH1pdW%2FQgqxYezff4Eu0NfEsNizdK5CBgBLcGtdQUYl5DvNFtQlbgE7Y6mGPH2iGqri6%2Bjf%2BPSSCYCc0c7qUAAGvje6l51A5mMgaprGyz5HJgrf7Y1VyF3IKm8%2F%2BWKBf%2FZKmAUvBZ3lUGEQ6EsolffxoJ8t3wOiPZ5Ins7No4PRjlwA%3D%3D","environmentVariables":{"FIREBASE_CONFIG":"{\"projectId\":\"vibechat-f87fe\",\"databaseURL\":\"https://vibechat-f87fe-default-rtdb.asia-southeast1.firebasedatabase.app\",\"storageBucket\":\"vibechat-f87fe.firebasestorage.app\"}","GCLOUD_PROJECT":"vibechat-f87fe","EVENTARC_CLOUD_EVENT_SOURCE":"projects/vibechat-f87fe/locations/asia-south1/functions/cleanupExpiredMessages"},"runtime":"nodejs22","buildEnvironmentVariables":{"GOOGLE_NODE_RUN_SCRIPTS":""},"dockerRegistry":"ARTIFACT_REGISTRY"},"versionId":"1","updateTime":"2025-12-20T19:33:30.710120734Z","buildId":"bb043d81-5594-4352-a5ac-2a3d3ccc7bc2","buildName":"projects/802645032363/locations/asia-south1/builds/bb043d81-5594-4352-a5ac-2a3d3ccc7bc2"}}
[debug] [2025-12-20T19:33:48.075Z] [create-default-asia-south1-cleanupExpiredMessages] Retrying task index 0
[debug] [2025-12-20T19:33:48.077Z] Checked if tokens are valid: true, expires at: 1766262767308
[debug] [2025-12-20T19:33:48.077Z] Checked if tokens are valid: true, expires at: 1766262767308
[debug] [2025-12-20T19:33:48.078Z] >>> [apiv2][query] GET https://cloudfunctions.googleapis.com/v1/operations/cHJvamVjdHMvdmliZWNoYXQtZjg3ZmUvbG9jYXRpb25zL2FzaWEtc291dGgxL29wZXJhdGlvbnMvb3BlcmF0aW9uLTE3NjYyNTkyMTAxMjgtNjQ2Njc0NGNkMGI1MC0zODU5N2Y1OS1lOWI0ZDhjNQ [none]
[debug] [2025-12-20T19:33:48.652Z] <<< [apiv2][status] GET https://cloudfunctions.googleapis.com/v1/operations/cHJvamVjdHMvdmliZWNoYXQtZjg3ZmUvbG9jYXRpb25zL2FzaWEtc291dGgxL29wZXJhdGlvbnMvb3BlcmF0aW9uLTE3NjYyNTkyMTAxMjgtNjQ2Njc0NGNkMGI1MC0zODU5N2Y1OS1lOWI0ZDhjNQ 200
[debug] [2025-12-20T19:33:48.652Z] <<< [apiv2][body] GET https://cloudfunctions.googleapis.com/v1/operations/cHJvamVjdHMvdmliZWNoYXQtZjg3ZmUvbG9jYXRpb25zL2FzaWEtc291dGgxL29wZXJhdGlvbnMvb3BlcmF0aW9uLTE3NjYyNTkyMTAxMjgtNjQ2Njc0NGNkMGI1MC0zODU5N2Y1OS1lOWI0ZDhjNQ {"name":"operations/cHJvamVjdHMvdmliZWNoYXQtZjg3ZmUvbG9jYXRpb25zL2FzaWEtc291dGgxL29wZXJhdGlvbnMvb3BlcmF0aW9uLTE3NjYyNTkyMTAxMjgtNjQ2Njc0NGNkMGI1MC0zODU5N2Y1OS1lOWI0ZDhjNQ","metadata":{"@type":"type.googleapis.com/google.cloud.functions.v1.OperationMetadataV1","target":"projects/vibechat-f87fe/locations/asia-south1/functions/cleanupExpiredMessages","type":"CREATE_FUNCTION","request":{"@type":"type.googleapis.com/google.cloud.functions.v1.CloudFunction","name":"projects/vibechat-f87fe/locations/asia-south1/functions/cleanupExpiredMessages","eventTrigger":{"eventType":"google.pubsub.topic.publish","resource":"projects/vibechat-f87fe/topics/firebase-schedule-cleanupExpiredMessages-asia-south1","failurePolicy":{}},"entryPoint":"cleanupExpiredMessages","updateTime":"1970-01-01T00:00:00Z","labels":{"deployment-tool":"cli-firebase","deployment-scheduled":"true","firebase-functions-hash":"91bfd5fdfb74a87b973c71e318c3a4966af04f6e"},"sourceUploadUrl":"https://storage.googleapis.com/uploads-445553371994.asia-south1.cloudfunctions.appspot.com/093b9755-b2c0-4b45-b14a-9543d10851c1.zip?GoogleAccessId=service-802645032363@gcf-admin-robot.iam.gserviceaccount.com&Expires=1766261008&Signature=irp9nMbIdyl0uVAwGbyjC2msV0nT0%2F3sZMEHMT7NY9soShepl2eRXK1RCoIRJi60mgFF53tOs0Pc%2BUUQEgSnlpi5nDjabZJ83zUG%2FkfSW4EJC5IHHS%2FrMyxf0DyqZ6zlWWtA5jJq994w4Hn7OqngwgBsBcqWYHPL6bDE9zxHH1pdW%2FQgqxYezff4Eu0NfEsNizdK5CBgBLcGtdQUYl5DvNFtQlbgE7Y6mGPH2iGqri6%2Bjf%2BPSSCYCc0c7qUAAGvje6l51A5mMgaprGyz5HJgrf7Y1VyF3IKm8%2F%2BWKBf%2FZKmAUvBZ3lUGEQ6EsolffxoJ8t3wOiPZ5Ins7No4PRjlwA%3D%3D","environmentVariables":{"FIREBASE_CONFIG":"{\"projectId\":\"vibechat-f87fe\",\"databaseURL\":\"https://vibechat-f87fe-default-rtdb.asia-southeast1.firebasedatabase.app\",\"storageBucket\":\"vibechat-f87fe.firebasestorage.app\"}","GCLOUD_PROJECT":"vibechat-f87fe","EVENTARC_CLOUD_EVENT_SOURCE":"projects/vibechat-f87fe/locations/asia-south1/functions/cleanupExpiredMessages"},"runtime":"nodejs22","buildEnvironmentVariables":{"GOOGLE_NODE_RUN_SCRIPTS":""},"dockerRegistry":"ARTIFACT_REGISTRY"},"versionId":"1","updateTime":"2025-12-20T19:33:30.710120734Z","buildId":"bb043d81-5594-4352-a5ac-2a3d3ccc7bc2","buildName":"projects/802645032363/locations/asia-south1/builds/bb043d81-5594-4352-a5ac-2a3d3ccc7bc2"}}
[debug] [2025-12-20T19:33:58.658Z] [create-default-asia-south1-cleanupExpiredMessages] Retrying task index 0
[debug] [2025-12-20T19:33:58.658Z] Checked if tokens are valid: true, expires at: 1766262767308
[debug] [2025-12-20T19:33:58.658Z] Checked if tokens are valid: true, expires at: 1766262767308
[debug] [2025-12-20T19:33:58.658Z] >>> [apiv2][query] GET https://cloudfunctions.googleapis.com/v1/operations/cHJvamVjdHMvdmliZWNoYXQtZjg3ZmUvbG9jYXRpb25zL2FzaWEtc291dGgxL29wZXJhdGlvbnMvb3BlcmF0aW9uLTE3NjYyNTkyMTAxMjgtNjQ2Njc0NGNkMGI1MC0zODU5N2Y1OS1lOWI0ZDhjNQ [none]
[debug] [2025-12-20T19:33:59.232Z] <<< [apiv2][status] GET https://cloudfunctions.googleapis.com/v1/operations/cHJvamVjdHMvdmliZWNoYXQtZjg3ZmUvbG9jYXRpb25zL2FzaWEtc291dGgxL29wZXJhdGlvbnMvb3BlcmF0aW9uLTE3NjYyNTkyMTAxMjgtNjQ2Njc0NGNkMGI1MC0zODU5N2Y1OS1lOWI0ZDhjNQ 200
[debug] [2025-12-20T19:33:59.232Z] <<< [apiv2][body] GET https://cloudfunctions.googleapis.com/v1/operations/cHJvamVjdHMvdmliZWNoYXQtZjg3ZmUvbG9jYXRpb25zL2FzaWEtc291dGgxL29wZXJhdGlvbnMvb3BlcmF0aW9uLTE3NjYyNTkyMTAxMjgtNjQ2Njc0NGNkMGI1MC0zODU5N2Y1OS1lOWI0ZDhjNQ {"name":"operations/cHJvamVjdHMvdmliZWNoYXQtZjg3ZmUvbG9jYXRpb25zL2FzaWEtc291dGgxL29wZXJhdGlvbnMvb3BlcmF0aW9uLTE3NjYyNTkyMTAxMjgtNjQ2Njc0NGNkMGI1MC0zODU5N2Y1OS1lOWI0ZDhjNQ","metadata":{"@type":"type.googleapis.com/google.cloud.functions.v1.OperationMetadataV1","target":"projects/vibechat-f87fe/locations/asia-south1/functions/cleanupExpiredMessages","type":"CREATE_FUNCTION","request":{"@type":"type.googleapis.com/google.cloud.functions.v1.CloudFunction","name":"projects/vibechat-f87fe/locations/asia-south1/functions/cleanupExpiredMessages","eventTrigger":{"eventType":"google.pubsub.topic.publish","resource":"projects/vibechat-f87fe/topics/firebase-schedule-cleanupExpiredMessages-asia-south1","failurePolicy":{}},"entryPoint":"cleanupExpiredMessages","updateTime":"1970-01-01T00:00:00Z","labels":{"deployment-tool":"cli-firebase","deployment-scheduled":"true","firebase-functions-hash":"91bfd5fdfb74a87b973c71e318c3a4966af04f6e"},"sourceUploadUrl":"https://storage.googleapis.com/uploads-445553371994.asia-south1.cloudfunctions.appspot.com/093b9755-b2c0-4b45-b14a-9543d10851c1.zip?GoogleAccessId=service-802645032363@gcf-admin-robot.iam.gserviceaccount.com&Expires=1766261008&Signature=irp9nMbIdyl0uVAwGbyjC2msV0nT0%2F3sZMEHMT7NY9soShepl2eRXK1RCoIRJi60mgFF53tOs0Pc%2BUUQEgSnlpi5nDjabZJ83zUG%2FkfSW4EJC5IHHS%2FrMyxf0DyqZ6zlWWtA5jJq994w4Hn7OqngwgBsBcqWYHPL6bDE9zxHH1pdW%2FQgqxYezff4Eu0NfEsNizdK5CBgBLcGtdQUYl5DvNFtQlbgE7Y6mGPH2iGqri6%2Bjf%2BPSSCYCc0c7qUAAGvje6l51A5mMgaprGyz5HJgrf7Y1VyF3IKm8%2F%2BWKBf%2FZKmAUvBZ3lUGEQ6EsolffxoJ8t3wOiPZ5Ins7No4PRjlwA%3D%3D","environmentVariables":{"FIREBASE_CONFIG":"{\"projectId\":\"vibechat-f87fe\",\"databaseURL\":\"https://vibechat-f87fe-default-rtdb.asia-southeast1.firebasedatabase.app\",\"storageBucket\":\"vibechat-f87fe.firebasestorage.app\"}","GCLOUD_PROJECT":"vibechat-f87fe","EVENTARC_CLOUD_EVENT_SOURCE":"projects/vibechat-f87fe/locations/asia-south1/functions/cleanupExpiredMessages"},"runtime":"nodejs22","buildEnvironmentVariables":{"GOOGLE_NODE_RUN_SCRIPTS":""},"dockerRegistry":"ARTIFACT_REGISTRY"},"versionId":"1","updateTime":"2025-12-20T19:33:30.710120734Z","buildId":"bb043d81-5594-4352-a5ac-2a3d3ccc7bc2","buildName":"projects/802645032363/locations/asia-south1/builds/bb043d81-5594-4352-a5ac-2a3d3ccc7bc2"}}
